0 info it worked if it ends with ok
1 verbose cli [ '/usr/bin/nodejs', '/usr/bin/npm', 'run', 'startdev' ]
2 info using npm@3.10.3
3 info using node@v6.3.1
4 verbose run-script [ 'prestartdev', 'startdev', 'poststartdev' ]
5 info lifecycle bikebump@1.0.0~prestartdev: bikebump@1.0.0
6 silly lifecycle bikebump@1.0.0~prestartdev: no script for prestartdev, continuing
7 info lifecycle bikebump@1.0.0~startdev: bikebump@1.0.0
8 verbose lifecycle bikebump@1.0.0~startdev: unsafe-perm in lifecycle true
9 verbose lifecycle bikebump@1.0.0~startdev: PATH: /usr/lib/node_modules/npm/bin/node-gyp-bin:/mnt/d/Users/yasushisakai/Documents/code/bikebump/node_modules/.bin:/usr/bin:/usr/local/bin:/usr/bin:/bin:/usr/local/games:/usr/games
10 verbose lifecycle bikebump@1.0.0~startdev: CWD: /mnt/d/Users/yasushisakai/Documents/code/bikebump
11 silly lifecycle bikebump@1.0.0~startdev: Args: [ '-c', 'webpack & node server.js' ]
12 silly lifecycle bikebump@1.0.0~startdev: Returned: code: 1  signal: null
13 info lifecycle bikebump@1.0.0~startdev: Failed to exec startdev script
14 verbose stack Error: bikebump@1.0.0 startdev: `webpack & node server.js`
14 verbose stack Exit status 1
14 verbose stack     at EventEmitter.<anonymous> (/usr/lib/node_modules/npm/lib/utils/lifecycle.js:242:16)
14 verbose stack     at emitTwo (events.js:106:13)
14 verbose stack     at EventEmitter.emit (events.js:191:7)
14 verbose stack     at ChildProcess.<anonymous> (/usr/lib/node_modules/npm/lib/utils/spawn.js:40:14)
14 verbose stack     at emitTwo (events.js:106:13)
14 verbose stack     at ChildProcess.emit (events.js:191:7)
14 verbose stack     at maybeClose (internal/child_process.js:852:16)
14 verbose stack     at Process.ChildProcess._handle.onexit (internal/child_process.js:215:5)
15 verbose pkgid bikebump@1.0.0
16 verbose cwd /mnt/d/Users/yasushisakai/Documents/code/bikebump
17 error Linux 3.4.0+
18 error argv "/usr/bin/nodejs" "/usr/bin/npm" "run" "startdev"
19 error node v6.3.1
20 error npm  v3.10.3
21 error code ELIFECYCLE
22 error bikebump@1.0.0 startdev: `webpack & node server.js`
22 error Exit status 1
23 error Failed at the bikebump@1.0.0 startdev script 'webpack & node server.js'.
23 error Make sure you have the latest version of node.js and npm installed.
23 error If you do, this is most likely a problem with the bikebump package,
23 error not with npm itself.
23 error Tell the author that this fails on your system:
23 error     webpack & node server.js
23 error You can get information on how to open an issue for this project with:
23 error     npm bugs bikebump
23 error Or if that isn't available, you can get their info via:
23 error     npm owner ls bikebump
23 error There is likely additional logging output above.
24 verbose exit [ 1, true ]
